<?xml version="1.0" encoding="UTF-8"?>
<!-- Generated by org.testng.reporters.JUnitReportReporter -->
<testsuite skipped="0" hostname="IN-MH1DSW101168" name="com.practice.tests.PropertyPageTest" tests="1" failures="0" timestamp="04 Jun 2019 09:37:34 GMT" time="0.016" errors="0">
  <testcase name="verifyPropertyPageTest" time="0.016" classname="com.practice.tests.PropertyPageTest"/>
</testsuite> <!-- com.practice.tests.PropertyPageTest -->
