<?xml version="1.0" encoding="UTF-8"?>
<!-- Generated by org.testng.reporters.JUnitReportReporter -->
<testsuite skipped="0" hostname="IN-MH1DSW101168" name="com.practice.testdata.TestBase" tests="1" failures="0" timestamp="03 Jun 2019 10:11:18 GMT" time="20.881" errors="0">
  <testcase name="initialization" time="20.881" classname="com.practice.testdata.TestBase"/>
</testsuite> <!-- com.practice.testdata.TestBase -->
